
Nov 03, 2021 21:37:41.66 NEW SESSION
Nov 03, 2021 21:37:41.66 [9348:1624:1103/213741.661:ERROR:chrome_browser_main_extra_parts_metrics.cc(230)] crbug.com/1216328: Checking Bluetooth availability started. Please report if there is no report that this ends.
Nov 03, 2021 21:37:41.66 [9348:1624:1103/213741.661:ERROR:chrome_browser_main_extra_parts_metrics.cc(233)] crbug.com/1216328: Checking Bluetooth availability ended.
Nov 03, 2021 21:37:41.66 [9348:1624:1103/213741.661:ERROR:chrome_browser_main_extra_parts_metrics.cc(236)] crbug.com/1216328: Checking default browser status started. Please report if there is no report that this ends.
Nov 03, 2021 21:37:41.66 [9348:17132:1103/213741.662:ERROR:device_event_log_impl.cc(214)] [21:37:41.663] USB: usb_device_handle_win.cc:1048 Failed to read descriptor from node connection: A device attached to the system is not functioning. (0x1F)
Nov 03, 2021 21:37:41.67 [9348:1624:1103/213741.662:ERROR:chrome_browser_main_extra_parts_metrics.cc(240)] crbug.com/1216328: Checking default browser status ended.
Nov 03, 2021 21:37:41.67 [9348:17132:1103/213741.663:ERROR:device_event_log_impl.cc(214)] [21:37:41.663] USB: usb_device_handle_win.cc:1048 Failed to read descriptor from node connection: A device attached to the system is not functioning. (0x1F)
Nov 03, 2021 21:37:41.67 [9348:17132:1103/213741.663:ERROR:device_event_log_impl.cc(214)] [21:37:41.663] USB: usb_device_handle_win.cc:1048 Failed to read descriptor from node connection: A device attached to the system is not functioning. (0x1F)
Nov 03, 2021 21:39:29.27 [9348:16788:1103/213929.270:ERROR:database.cc(1761)] History SQLite error: code 1555 errno 0: UNIQUE constraint failed: context_annotations.visit_id sql: INSERT INTO context_annotations( visit_id,context_annotation_flags,duration_since_last_visit,page_end_reason )VALUES(?,?,?,?)
Nov 03, 2021 21:40:13.00 [9348:5368:1103/214013.004:ERROR:database.cc(1761)] History SQLite error: code 1555 errno 0: UNIQUE constraint failed: context_annotations.visit_id sql: INSERT INTO context_annotations( visit_id,context_annotation_flags,duration_since_last_visit,page_end_reason )VALUES(?,?,?,?)
Nov 03, 2021 21:40:16.41 [9348:5368:1103/214016.416:ERROR:database.cc(1761)] History SQLite error: code 1555 errno 0: UNIQUE constraint failed: context_annotations.visit_id sql: INSERT INTO context_annotations( visit_id,context_annotation_flags,duration_since_last_visit,page_end_reason )VALUES(?,?,?,?)
Nov 03, 2021 21:43:00.59 [9348:5368:1103/214300.594:ERROR:database.cc(1761)] History SQLite error: code 1555 errno 0: UNIQUE constraint failed: context_annotations.visit_id sql: INSERT INTO context_annotations( visit_id,context_annotation_flags,duration_since_last_visit,page_end_reason )VALUES(?,?,?,?)
Nov 03, 2021 21:43:07.83 [9348:5368:1103/214307.829:ERROR:database.cc(1761)] History SQLite error: code 1555 errno 0: UNIQUE constraint failed: context_annotations.visit_id sql: INSERT INTO context_annotations( visit_id,context_annotation_flags,duration_since_last_visit,page_end_reason )VALUES(?,?,?,?)
Nov 03, 2021 22:06:05.35 [9348:13292:1103/220605.351:ERROR:database.cc(1761)] History SQLite error: code 1555 errno 0: UNIQUE constraint failed: context_annotations.visit_id sql: INSERT INTO context_annotations( visit_id,context_annotation_flags,duration_since_last_visit,page_end_reason )VALUES(?,?,?,?)
Nov 03, 2021 22:08:21.84 [9348:5368:1103/220821.846:ERROR:database.cc(1761)] History SQLite error: code 1555 errno 0: UNIQUE constraint failed: context_annotations.visit_id sql: INSERT INTO context_annotations( visit_id,context_annotation_flags,duration_since_last_visit,page_end_reason )VALUES(?,?,?,?)
Nov 03, 2021 22:08:23.84 [9348:5368:1103/220823.841:ERROR:database.cc(1761)] History SQLite error: code 1555 errno 0: UNIQUE constraint failed: context_annotations.visit_id sql: INSERT INTO context_annotations( visit_id,context_annotation_flags,duration_since_last_visit,page_end_reason )VALUES(?,?,?,?)
Nov 03, 2021 22:08:24.29 [9348:13292:1103/220824.297:ERROR:database.cc(1761)] History SQLite error: code 1555 errno 0: UNIQUE constraint failed: context_annotations.visit_id sql: INSERT INTO context_annotations( visit_id,context_annotation_flags,duration_since_last_visit,page_end_reason )VALUES(?,?,?,?)
Nov 03, 2021 22:08:24.47 [9348:5368:1103/220824.472:ERROR:database.cc(1761)] History SQLite error: code 1555 errno 0: UNIQUE constraint failed: context_annotations.visit_id sql: INSERT INTO context_annotations( visit_id,context_annotation_flags,duration_since_last_visit,page_end_reason )VALUES(?,?,?,?)
Nov 03, 2021 22:08:24.67 [9348:13292:1103/220824.672:ERROR:database.cc(1761)] History SQLite error: code 1555 errno 0: UNIQUE constraint failed: context_annotations.visit_id sql: INSERT INTO context_annotations( visit_id,context_annotation_flags,duration_since_last_visit,page_end_reason )VALUES(?,?,?,?)
Nov 03, 2021 22:08:24.87 [9348:5368:1103/220824.879:ERROR:database.cc(1761)] History SQLite error: code 1555 errno 0: UNIQUE constraint failed: context_annotations.visit_id sql: INSERT INTO context_annotations( visit_id,context_annotation_flags,duration_since_last_visit,page_end_reason )VALUES(?,?,?,?)
Nov 03, 2021 22:08:57.32 [9348:13292:1103/220857.326:ERROR:database.cc(1761)] History SQLite error: code 1555 errno 0: UNIQUE constraint failed: context_annotations.visit_id sql: INSERT INTO context_annotations( visit_id,context_annotation_flags,duration_since_last_visit,page_end_reason )VALUES(?,?,?,?)
Nov 03, 2021 22:08:58.19 [9348:428:1103/220858.191:ERROR:database.cc(1761)] History SQLite error: code 1555 errno 0: UNIQUE constraint failed: context_annotations.visit_id sql: INSERT INTO context_annotations( visit_id,context_annotation_flags,duration_since_last_visit,page_end_reason )VALUES(?,?,?,?)
Nov 03, 2021 22:08:58.56 [9348:428:1103/220858.567:ERROR:database.cc(1761)] History SQLite error: code 1555 errno 0: UNIQUE constraint failed: context_annotations.visit_id sql: INSERT INTO context_annotations( visit_id,context_annotation_flags,duration_since_last_visit,page_end_reason )VALUES(?,?,?,?)
Nov 03, 2021 22:08:58.92 [9348:5368:1103/220858.927:ERROR:database.cc(1761)] History SQLite error: code 1555 errno 0: UNIQUE constraint failed: context_annotations.visit_id sql: INSERT INTO context_annotations( visit_id,context_annotation_flags,duration_since_last_visit,page_end_reason )VALUES(?,?,?,?)
Nov 03, 2021 22:08:59.87 [9348:5368:1103/220859.876:ERROR:database.cc(1761)] History SQLite error: code 1555 errno 0: UNIQUE constraint failed: context_annotations.visit_id sql: INSERT INTO context_annotations( visit_id,context_annotation_flags,duration_since_last_visit,page_end_reason )VALUES(?,?,?,?)
Nov 03, 2021 22:12:10.51 [9348:11596:1103/221210.510:ERROR:database.cc(1761)] History SQLite error: code 1555 errno 0: UNIQUE constraint failed: context_annotations.visit_id sql: INSERT INTO context_annotations( visit_id,context_annotation_flags,duration_since_last_visit,page_end_reason )VALUES(?,?,?,?)
Nov 03, 2021 22:16:07.17 [9348:5368:1103/221607.171:ERROR:database.cc(1761)] History SQLite error: code 1555 errno 0: UNIQUE constraint failed: context_annotations.visit_id sql: INSERT INTO context_annotations( visit_id,context_annotation_flags,duration_since_last_visit,page_end_reason )VALUES(?,?,?,?)

Nov 07, 2021 09:09:42.52 NEW SESSION
Nov 07, 2021 09:09:42.53 [15788:1224:1107/090942.527:ERROR:chrome_browser_main_extra_parts_metrics.cc(230)] crbug.com/1216328: Checking Bluetooth availability started. Please report if there is no report that this ends.
Nov 07, 2021 09:09:42.54 [15788:1224:1107/090942.527:ERROR:chrome_browser_main_extra_parts_metrics.cc(233)] crbug.com/1216328: Checking Bluetooth availability ended.
Nov 07, 2021 09:09:42.54 [15788:1224:1107/090942.527:ERROR:chrome_browser_main_extra_parts_metrics.cc(236)] crbug.com/1216328: Checking default browser status started. Please report if there is no report that this ends.
Nov 07, 2021 09:09:42.54 [15788:1224:1107/090942.528:ERROR:chrome_browser_main_extra_parts_metrics.cc(240)] crbug.com/1216328: Checking default browser status ended.
Nov 07, 2021 09:09:42.54 [15788:15124:1107/090942.529:ERROR:device_event_log_impl.cc(214)] [09:09:42.529] USB: usb_device_handle_win.cc:1048 Failed to read descriptor from node connection: A device attached to the system is not functioning. (0x1F)
Nov 07, 2021 09:09:42.54 [15788:15124:1107/090942.529:ERROR:device_event_log_impl.cc(214)] [09:09:42.529] USB: usb_device_handle_win.cc:1048 Failed to read descriptor from node connection: A device attached to the system is not functioning. (0x1F)
Nov 07, 2021 09:09:42.54 [15788:15124:1107/090942.530:ERROR:device_event_log_impl.cc(214)] [09:09:42.530] USB: usb_device_handle_win.cc:1048 Failed to read descriptor from node connection: A device attached to the system is not functioning. (0x1F)
Nov 07, 2021 09:12:59.68 [15788:15624:1107/091259.689:ERROR:database.cc(1761)] History SQLite error: code 1555 errno 0: UNIQUE constraint failed: context_annotations.visit_id sql: INSERT INTO context_annotations( visit_id,context_annotation_flags,duration_since_last_visit,page_end_reason )VALUES(?,?,?,?)
Nov 07, 2021 09:14:15.05 [9440:2508:1107/091415.057:ERROR:chrome_browser_main_extra_parts_metrics.cc(230)] crbug.com/1216328: Checking Bluetooth availability started. Please report if there is no report that this ends.
Nov 07, 2021 09:14:15.05 [9440:2508:1107/091415.057:ERROR:chrome_browser_main_extra_parts_metrics.cc(233)] crbug.com/1216328: Checking Bluetooth availability ended.
Nov 07, 2021 09:14:15.05 [9440:2508:1107/091415.057:ERROR:chrome_browser_main_extra_parts_metrics.cc(236)] crbug.com/1216328: Checking default browser status started. Please report if there is no report that this ends.
Nov 07, 2021 09:14:15.05 [9440:2508:1107/091415.058:ERROR:chrome_browser_main_extra_parts_metrics.cc(240)] crbug.com/1216328: Checking default browser status ended.
Nov 07, 2021 09:14:15.05 [9440:2652:1107/091415.059:ERROR:device_event_log_impl.cc(214)] [09:14:15.059] USB: usb_device_handle_win.cc:1048 Failed to read descriptor from node connection: A device attached to the system is not functioning. (0x1F)
Nov 07, 2021 09:14:15.06 [9440:2652:1107/091415.060:ERROR:device_event_log_impl.cc(214)] [09:14:15.059] USB: usb_device_handle_win.cc:1048 Failed to read descriptor from node connection: A device attached to the system is not functioning. (0x1F)
Nov 07, 2021 09:14:15.06 [9440:2652:1107/091415.060:ERROR:device_event_log_impl.cc(214)] [09:14:15.060] USB: usb_device_handle_win.cc:1048 Failed to read descriptor from node connection: A device attached to the system is not functioning. (0x1F)
Nov 07, 2021 09:14:21.90 [9440:4612:1107/091421.904:ERROR:database.cc(1761)] History SQLite error: code 1555 errno 0: UNIQUE constraint failed: context_annotations.visit_id sql: INSERT INTO context_annotations( visit_id,context_annotation_flags,duration_since_last_visit,page_end_reason )VALUES(?,?,?,?)
Nov 07, 2021 12:04:35.43 [9440:14244:1107/120435.436:ERROR:database.cc(1761)] History SQLite error: code 1555 errno 0: UNIQUE constraint failed: context_annotations.visit_id sql: INSERT INTO context_annotations( visit_id,context_annotation_flags,duration_since_last_visit,page_end_reason )VALUES(?,?,?,?)

Nov 18, 2021 10:05:14.66 NEW SESSION
Nov 18, 2021 10:05:14.66 [1220:15400:1118/100514.659:ERROR:chrome_browser_main_extra_parts_metrics.cc(226)] crbug.com/1216328: Checking Bluetooth availability started. Please report if there is no report that this ends.
Nov 18, 2021 10:05:14.66 [1220:15400:1118/100514.659:ERROR:chrome_browser_main_extra_parts_metrics.cc(229)] crbug.com/1216328: Checking Bluetooth availability ended.
Nov 18, 2021 10:05:14.66 [1220:15400:1118/100514.659:ERROR:chrome_browser_main_extra_parts_metrics.cc(232)] crbug.com/1216328: Checking default browser status started. Please report if there is no report that this ends.
Nov 18, 2021 10:05:14.66 [1220:15400:1118/100514.660:ERROR:chrome_browser_main_extra_parts_metrics.cc(236)] crbug.com/1216328: Checking default browser status ended.
Nov 18, 2021 10:05:14.66 [1220:15060:1118/100514.662:ERROR:device_event_log_impl.cc(214)] [10:05:14.662] USB: usb_device_handle_win.cc:1048 Failed to read descriptor from node connection: A device attached to the system is not functioning. (0x1F)
Nov 18, 2021 10:05:14.66 [1220:15060:1118/100514.664:ERROR:device_event_log_impl.cc(214)] [10:05:14.663] USB: usb_device_handle_win.cc:1048 Failed to read descriptor from node connection: A device attached to the system is not functioning. (0x1F)
Nov 18, 2021 11:58:19.93 [1220:11440:1118/115819.932:ERROR:database.cc(1773)] History SQLite error: code 1555 errno 0: UNIQUE constraint failed: context_annotations.visit_id sql: INSERT INTO context_annotations( visit_id,context_annotation_flags,duration_since_last_visit,page_end_reason,total_foreground_duration )VALUES(?,?,?,?,?)

Nov 18, 2021 14:57:24.11 NEW SESSION
Nov 18, 2021 14:57:24.11 [13120:11892:1118/145724.113:ERROR:chrome_browser_main_extra_parts_metrics.cc(226)] crbug.com/1216328: Checking Bluetooth availability started. Please report if there is no report that this ends.
Nov 18, 2021 14:57:24.11 [13120:11892:1118/145724.113:ERROR:chrome_browser_main_extra_parts_metrics.cc(229)] crbug.com/1216328: Checking Bluetooth availability ended.
Nov 18, 2021 14:57:24.11 [13120:11892:1118/145724.113:ERROR:chrome_browser_main_extra_parts_metrics.cc(232)] crbug.com/1216328: Checking default browser status started. Please report if there is no report that this ends.
Nov 18, 2021 14:57:24.11 [13120:11892:1118/145724.113:ERROR:chrome_browser_main_extra_parts_metrics.cc(236)] crbug.com/1216328: Checking default browser status ended.
Nov 18, 2021 14:57:24.11 [13120:15672:1118/145724.113:ERROR:device_event_log_impl.cc(214)] [14:57:24.122] USB: usb_device_handle_win.cc:1048 Failed to read descriptor from node connection: A device attached to the system is not functioning. (0x1F)
Nov 18, 2021 14:57:24.11 [13120:15672:1118/145724.113:ERROR:device_event_log_impl.cc(214)] [14:57:24.123] USB: usb_device_handle_win.cc:1048 Failed to read descriptor from node connection: A device attached to the system is not functioning. (0x1F)
Nov 18, 2021 14:57:24.11 [13120:15672:1118/145724.113:ERROR:device_event_log_impl.cc(214)] [14:57:24.123] USB: usb_device_handle_win.cc:1048 Failed to read descriptor from node connection: A device attached to the system is not functioning. (0x1F)
Nov 18, 2021 14:57:27.53 [13120:14416:1118/145727.538:ERROR:database.cc(1773)] History SQLite error: code 1555 errno 0: UNIQUE constraint failed: context_annotations.visit_id sql: INSERT INTO context_annotations( visit_id,context_annotation_flags,duration_since_last_visit,page_end_reason,total_foreground_duration )VALUES(?,?,?,?,?)
Nov 18, 2021 15:04:14.73 [13120:3252:1118/150414.729:ERROR:database.cc(1773)] History SQLite error: code 1555 errno 0: UNIQUE constraint failed: context_annotations.visit_id sql: INSERT INTO context_annotations( visit_id,context_annotation_flags,duration_since_last_visit,page_end_reason,total_foreground_duration )VALUES(?,?,?,?,?)
Nov 18, 2021 16:10:43.46 [13120:8620:1118/161043.465:ERROR:database.cc(1773)] History SQLite error: code 1555 errno 0: UNIQUE constraint failed: context_annotations.visit_id sql: INSERT INTO context_annotations( visit_id,context_annotation_flags,duration_since_last_visit,page_end_reason,total_foreground_duration )VALUES(?,?,?,?,?)

Nov 18, 2021 17:44:45.81 NEW SESSION
Nov 18, 2021 17:44:45.81 [8568:9652:1118/174445.816:ERROR:chrome_browser_main_extra_parts_metrics.cc(226)] crbug.com/1216328: Checking Bluetooth availability started. Please report if there is no report that this ends.
Nov 18, 2021 17:44:45.84 [8568:9652:1118/174445.816:ERROR:chrome_browser_main_extra_parts_metrics.cc(229)] crbug.com/1216328: Checking Bluetooth availability ended.
Nov 18, 2021 17:44:45.84 [8568:9652:1118/174445.816:ERROR:chrome_browser_main_extra_parts_metrics.cc(232)] crbug.com/1216328: Checking default browser status started. Please report if there is no report that this ends.
Nov 18, 2021 17:44:45.84 [8568:9652:1118/174445.817:ERROR:chrome_browser_main_extra_parts_metrics.cc(236)] crbug.com/1216328: Checking default browser status ended.
Nov 18, 2021 17:44:45.84 [8568:8140:1118/174445.819:ERROR:device_event_log_impl.cc(214)] [17:44:45.820] USB: usb_device_handle_win.cc:1048 Failed to read descriptor from node connection: A device attached to the system is not functioning. (0x1F)
Nov 18, 2021 17:44:45.84 [8568:8140:1118/174445.820:ERROR:device_event_log_impl.cc(214)] [17:44:45.821] USB: usb_device_handle_win.cc:1048 Failed to read descriptor from node connection: A device attached to the system is not functioning. (0x1F)
Nov 18, 2021 17:44:45.84 [8568:8140:1118/174445.821:ERROR:device_event_log_impl.cc(214)] [17:44:45.821] USB: usb_device_handle_win.cc:1048 Failed to read descriptor from node connection: A device attached to the system is not functioning. (0x1F)
Nov 18, 2021 17:44:45.84 [8568:8140:1118/174445.822:ERROR:device_event_log_impl.cc(214)] [17:44:45.823] USB: usb_device_handle_win.cc:1048 Failed to read descriptor from node connection: A device attached to the system is not functioning. (0x1F)
Nov 18, 2021 17:44:50.94 [8568:4760:1118/174450.948:ERROR:database.cc(1773)] History SQLite error: code 1555 errno 0: UNIQUE constraint failed: context_annotations.visit_id sql: INSERT INTO context_annotations( visit_id,context_annotation_flags,duration_since_last_visit,page_end_reason,total_foreground_duration )VALUES(?,?,?,?,?)
Nov 18, 2021 17:44:53.45 [8568:4760:1118/174453.454:ERROR:database.cc(1773)] History SQLite error: code 1555 errno 0: UNIQUE constraint failed: context_annotations.visit_id sql: INSERT INTO context_annotations( visit_id,context_annotation_flags,duration_since_last_visit,page_end_reason,total_foreground_duration )VALUES(?,?,?,?,?)
Nov 18, 2021 17:45:07.01 [8568:9708:1118/174507.019:ERROR:database.cc(1773)] History SQLite error: code 1555 errno 0: UNIQUE constraint failed: context_annotations.visit_id sql: INSERT INTO context_annotations( visit_id,context_annotation_flags,duration_since_last_visit,page_end_reason,total_foreground_duration )VALUES(?,?,?,?,?)
Nov 18, 2021 17:45:10.81 [8568:4760:1118/174510.811:ERROR:database.cc(1773)] History SQLite error: code 1555 errno 0: UNIQUE constraint failed: context_annotations.visit_id sql: INSERT INTO context_annotations( visit_id,context_annotation_flags,duration_since_last_visit,page_end_reason,total_foreground_duration )VALUES(?,?,?,?,?)

Nov 18, 2021 21:46:19.43 NEW SESSION
Nov 18, 2021 21:46:19.43 [14496:7832:1118/214619.433:ERROR:chrome_browser_main_extra_parts_metrics.cc(226)] crbug.com/1216328: Checking Bluetooth availability started. Please report if there is no report that this ends.
Nov 18, 2021 21:46:19.43 [14496:7832:1118/214619.433:ERROR:chrome_browser_main_extra_parts_metrics.cc(229)] crbug.com/1216328: Checking Bluetooth availability ended.
Nov 18, 2021 21:46:19.43 [14496:7832:1118/214619.433:ERROR:chrome_browser_main_extra_parts_metrics.cc(232)] crbug.com/1216328: Checking default browser status started. Please report if there is no report that this ends.
Nov 18, 2021 21:46:19.43 [14496:7832:1118/214619.434:ERROR:chrome_browser_main_extra_parts_metrics.cc(236)] crbug.com/1216328: Checking default browser status ended.
Nov 18, 2021 21:46:19.43 [14496:10780:1118/214619.435:ERROR:device_event_log_impl.cc(214)] [21:46:19.436] USB: usb_device_handle_win.cc:1048 Failed to read descriptor from node connection: A device attached to the system is not functioning. (0x1F)
Nov 18, 2021 21:46:19.43 [14496:10780:1118/214619.436:ERROR:device_event_log_impl.cc(214)] [21:46:19.436] USB: usb_device_handle_win.cc:1048 Failed to read descriptor from node connection: A device attached to the system is not functioning. (0x1F)
Nov 18, 2021 21:46:19.43 [14496:10780:1118/214619.436:ERROR:device_event_log_impl.cc(214)] [21:46:19.437] USB: usb_device_handle_win.cc:1048 Failed to read descriptor from node connection: A device attached to the system is not functioning. (0x1F)
Nov 18, 2021 21:47:36.78 [14496:11700:1118/214736.784:ERROR:database.cc(1773)] History SQLite error: code 1555 errno 0: UNIQUE constraint failed: context_annotations.visit_id sql: INSERT INTO context_annotations( visit_id,context_annotation_flags,duration_since_last_visit,page_end_reason,total_foreground_duration )VALUES(?,?,?,?,?)
Nov 18, 2021 21:47:44.60 [14496:1168:1118/214744.608:ERROR:database.cc(1773)] History SQLite error: code 1555 errno 0: UNIQUE constraint failed: context_annotations.visit_id sql: INSERT INTO context_annotations( visit_id,context_annotation_flags,duration_since_last_visit,page_end_reason,total_foreground_duration )VALUES(?,?,?,?,?)
Nov 18, 2021 22:03:46.02 [14496:4432:1118/220346.022:ERROR:database.cc(1773)] History SQLite error: code 1555 errno 0: UNIQUE constraint failed: context_annotations.visit_id sql: INSERT INTO context_annotations( visit_id,context_annotation_flags,duration_since_last_visit,page_end_reason,total_foreground_duration )VALUES(?,?,?,?,?)
Nov 18, 2021 22:06:40.51 [14496:12336:1118/220640.512:ERROR:database.cc(1773)] History SQLite error: code 1555 errno 0: UNIQUE constraint failed: context_annotations.visit_id sql: INSERT INTO context_annotations( visit_id,context_annotation_flags,duration_since_last_visit,page_end_reason,total_foreground_duration )VALUES(?,?,?,?,?)
Nov 18, 2021 22:06:52.28 [14496:12336:1118/220652.279:ERROR:database.cc(1773)] History SQLite error: code 1555 errno 0: UNIQUE constraint failed: context_annotations.visit_id sql: INSERT INTO context_annotations( visit_id,context_annotation_flags,duration_since_last_visit,page_end_reason,total_foreground_duration )VALUES(?,?,?,?,?)
Nov 18, 2021 22:06:58.67 [14496:12336:1118/220658.676:ERROR:database.cc(1773)] History SQLite error: code 1555 errno 0: UNIQUE constraint failed: context_annotations.visit_id sql: INSERT INTO context_annotations( visit_id,context_annotation_flags,duration_since_last_visit,page_end_reason,total_foreground_duration )VALUES(?,?,?,?,?)
Nov 18, 2021 22:07:08.71 [14496:12336:1118/220708.717:ERROR:database.cc(1773)] History SQLite error: code 1555 errno 0: UNIQUE constraint failed: context_annotations.visit_id sql: INSERT INTO context_annotations( visit_id,context_annotation_flags,duration_since_last_visit,page_end_reason,total_foreground_duration )VALUES(?,?,?,?,?)
Nov 18, 2021 22:07:40.01 [14496:10800:1118/220740.014:ERROR:database.cc(1773)] History SQLite error: code 1555 errno 0: UNIQUE constraint failed: context_annotations.visit_id sql: INSERT INTO context_annotations( visit_id,context_annotation_flags,duration_since_last_visit,page_end_reason,total_foreground_duration )VALUES(?,?,?,?,?)
Nov 18, 2021 22:07:43.21 [14496:10800:1118/220743.215:ERROR:database.cc(1773)] History SQLite error: code 1555 errno 0: UNIQUE constraint failed: context_annotations.visit_id sql: INSERT INTO context_annotations( visit_id,context_annotation_flags,duration_since_last_visit,page_end_reason,total_foreground_duration )VALUES(?,?,?,?,?)
Nov 18, 2021 22:07:47.18 [14496:10800:1118/220747.181:ERROR:database.cc(1773)] History SQLite error: code 1555 errno 0: UNIQUE constraint failed: context_annotations.visit_id sql: INSERT INTO context_annotations( visit_id,context_annotation_flags,duration_since_last_visit,page_end_reason,total_foreground_duration )VALUES(?,?,?,?,?)
Nov 18, 2021 22:08:13.75 [14496:10800:1118/220813.753:ERROR:database.cc(1773)] History SQLite error: code 1555 errno 0: UNIQUE constraint failed: context_annotations.visit_id sql: INSERT INTO context_annotations( visit_id,context_annotation_flags,duration_since_last_visit,page_end_reason,total_foreground_duration )VALUES(?,?,?,?,?)
Nov 18, 2021 22:08:17.99 [14496:10800:1118/220817.991:ERROR:database.cc(1773)] History SQLite error: code 1555 errno 0: UNIQUE constraint failed: context_annotations.visit_id sql: INSERT INTO context_annotations( visit_id,context_annotation_flags,duration_since_last_visit,page_end_reason,total_foreground_duration )VALUES(?,?,?,?,?)
Nov 18, 2021 22:08:19.50 [14496:4432:1118/220819.504:ERROR:database.cc(1773)] History SQLite error: code 1555 errno 0: UNIQUE constraint failed: context_annotations.visit_id sql: INSERT INTO context_annotations( visit_id,context_annotation_flags,duration_since_last_visit,page_end_reason,total_foreground_duration )VALUES(?,?,?,?,?)
Nov 18, 2021 22:10:48.10 [14496:10800:1118/221048.105:ERROR:database.cc(1773)] History SQLite error: code 1555 errno 0: UNIQUE constraint failed: context_annotations.visit_id sql: INSERT INTO context_annotations( visit_id,context_annotation_flags,duration_since_last_visit,page_end_reason,total_foreground_duration )VALUES(?,?,?,?,?)
Nov 18, 2021 22:12:45.95 [14496:12336:1118/221245.957:ERROR:database.cc(1773)] History SQLite error: code 1555 errno 0: UNIQUE constraint failed: context_annotations.visit_id sql: INSERT INTO context_annotations( visit_id,context_annotation_flags,duration_since_last_visit,page_end_reason,total_foreground_duration )VALUES(?,?,?,?,?)
Nov 18, 2021 22:12:46.20 [14496:12336:1118/221246.205:ERROR:database.cc(1773)] History SQLite error: code 1555 errno 0: UNIQUE constraint failed: context_annotations.visit_id sql: INSERT INTO context_annotations( visit_id,context_annotation_flags,duration_since_last_visit,page_end_reason,total_foreground_duration )VALUES(?,?,?,?,?)
Nov 18, 2021 22:12:52.95 [14496:10800:1118/221252.957:ERROR:database.cc(1773)] History SQLite error: code 1555 errno 0: UNIQUE constraint failed: context_annotations.visit_id sql: INSERT INTO context_annotations( visit_id,context_annotation_flags,duration_since_last_visit,page_end_reason,total_foreground_duration )VALUES(?,?,?,?,?)
Nov 18, 2021 22:58:55.60 [14496:12764:1118/225855.606:ERROR:database.cc(1773)] History SQLite error: code 1555 errno 0: UNIQUE constraint failed: context_annotations.visit_id sql: INSERT INTO context_annotations( visit_id,context_annotation_flags,duration_since_last_visit,page_end_reason,total_foreground_duration )VALUES(?,?,?,?,?)
Nov 18, 2021 22:58:55.63 [14496:5628:1118/225855.626:ERROR:database.cc(1773)] History SQLite error: code 1555 errno 0: UNIQUE constraint failed: context_annotations.visit_id sql: INSERT INTO context_annotations( visit_id,context_annotation_flags,duration_since_last_visit,page_end_reason,total_foreground_duration )VALUES(?,?,?,?,?)
Nov 18, 2021 22:58:55.63 [14496:12764:1118/225855.626:ERROR:database.cc(1773)] History SQLite error: code 1555 errno 0: UNIQUE constraint failed: context_annotations.visit_id sql: INSERT INTO context_annotations( visit_id,context_annotation_flags,duration_since_last_visit,page_end_reason,total_foreground_duration )VALUES(?,?,?,?,?)
